<?xml version="1.0" encoding="UTF-8"?>
<!-- Generated by org.testng.reporters.JUnitReportReporter -->
<testsuite skipped="0" hostname="DESKTOP-KCVHJ9F" name="api.testcases.TestRcbPlayers" tests="2" failures="0" timestamp="2022-12-28T15:34:48 IST" time="4.079" errors="0">
  <testcase name="testAtLeastOneWicketKeeper" time="3.198" classname="api.testcases.TestRcbPlayers"/>
  <system-out/>
  <testcase name="testFourForeignPlayers" time="0.881" classname="api.testcases.TestRcbPlayers"/>
  <system-out/>
</testsuite> <!-- api.testcases.TestRcbPlayers -->
